<?xml version="1.0" encoding="UTF-8"?>
<testng-results skipped="0" failed="0" ignored="0" total="1" passed="1">
  <reporter-output>
  </reporter-output>
  <suite name="Default suite" duration-ms="85501" started-at="2021-02-01T13:45:26 IST" finished-at="2021-02-01T13:46:52 IST">
    <groups>
    </groups>
    <test name="Default test" duration-ms="85501" started-at="2021-02-01T13:45:26 IST" finished-at="2021-02-01T13:46:52 IST">
      <class name="com.crm.test.TC_17_DuplicateContact">
        <test-method status="PASS" signature="openBrowser()[pri:0, instance:com.crm.test.TC_17_DuplicateContact@3712b94]" name="openBrowser" is-config="true" duration-ms="6013" started-at="2021-02-01T13:45:26 IST" finished-at="2021-02-01T13:45:32 IST">
          <reporter-output>
          </reporter-output>
        </test-method> <!-- openBrowser -->
        <test-method status="PASS" signature="loginApp()[pri:0, instance:com.crm.test.TC_17_DuplicateContact@3712b94]" name="loginApp" is-config="true" duration-ms="20520" started-at="2021-02-01T13:45:32 IST" finished-at="2021-02-01T13:45:53 IST">
          <reporter-output>
          </reporter-output>
        </test-method> <!-- loginApp -->
        <test-method status="PASS" signature="createDuplicateContact()[pri:0, instance:com.crm.test.TC_17_DuplicateContact@3712b94]" name="createDuplicateContact" duration-ms="55644" started-at="2021-02-01T13:45:53 IST" finished-at="2021-02-01T13:46:48 IST">
          <reporter-output>
          </reporter-output>
        </test-method> <!-- createDuplicateContact -->
        <test-method status="PASS" signature="logoutApp()[pri:0, instance:com.crm.test.TC_17_DuplicateContact@3712b94]" name="logoutApp" is-config="true" duration-ms="2823" started-at="2021-02-01T13:46:48 IST" finished-at="2021-02-01T13:46:51 IST">
          <reporter-output>
          </reporter-output>
        </test-method> <!-- logoutApp -->
        <test-method status="PASS" signature="closeBrowser()[pri:0, instance:com.crm.test.TC_17_DuplicateContact@3712b94]" name="closeBrowser" is-config="true" duration-ms="388" started-at="2021-02-01T13:46:51 IST" finished-at="2021-02-01T13:46:52 IST">
          <reporter-output>
          </reporter-output>
        </test-method> <!-- closeBrowser -->
      </class> <!-- com.crm.test.TC_17_DuplicateContact -->
    </test> <!-- Default test -->
  </suite> <!-- Default suite -->
</testng-results>
